
2월 16, 2022 18:18:10.19 NEW SESSION
2월 16, 2022 18:18:10.19 [10652:12484:0216/181810.190:ERROR:chrome_browser_main_extra_parts_metrics.cc(227)] START: ReportBluetoothAvailability(). If you don't see the END: message, this is crbug.com/1216328.
2월 16, 2022 18:18:10.19 [10652:12484:0216/181810.193:ERROR:chrome_browser_main_extra_parts_metrics.cc(230)] END: ReportBluetoothAvailability()
2월 16, 2022 18:18:10.19 [10652:12484:0216/181810.193:ERROR:chrome_browser_main_extra_parts_metrics.cc(235)] START: GetDefaultBrowser(). If you don't see the END: message, this is crbug.com/1216328.
2월 16, 2022 18:18:10.19 [10652:12484:0216/181810.198:ERROR:chrome_browser_main_extra_parts_metrics.cc(239)] END: GetDefaultBrowser()
2월 16, 2022 18:18:10.20 [10652:9972:0216/181810.203:ERROR:device_event_log_impl.cc(214)] [18:18:10.204] Bluetooth: bluetooth_adapter_winrt.cc:1075 Getting Default Adapter failed.

2월 22, 2022 16:15:07.50 NEW SESSION
2월 22, 2022 16:15:07.50 [3952:4980:0222/161507.501:ERROR:chrome_browser_main_extra_parts_metrics.cc(227)] START: ReportBluetoothAvailability(). If you don't see the END: message, this is crbug.com/1216328.
2월 22, 2022 16:15:07.50 [3952:4980:0222/161507.508:ERROR:chrome_browser_main_extra_parts_metrics.cc(230)] END: ReportBluetoothAvailability()
2월 22, 2022 16:15:07.50 [3952:4980:0222/161507.509:ERROR:chrome_browser_main_extra_parts_metrics.cc(235)] START: GetDefaultBrowser(). If you don't see the END: message, this is crbug.com/1216328.
2월 22, 2022 16:15:07.51 [3952:1212:0222/161507.512:ERROR:device_event_log_impl.cc(214)] [16:15:07.512] Bluetooth: bluetooth_adapter_winrt.cc:1075 Getting Default Adapter failed.
2월 22, 2022 16:15:07.51 [3952:4980:0222/161507.513:ERROR:chrome_browser_main_extra_parts_metrics.cc(239)] END: GetDefaultBrowser()

2월 23, 2022 09:39:45.63 NEW SESSION
2월 23, 2022 09:39:45.63 [13108:9664:0223/093945.633:ERROR:chrome_browser_main_extra_parts_metrics.cc(227)] START: ReportBluetoothAvailability(). If you don't see the END: message, this is crbug.com/1216328.
2월 23, 2022 09:39:45.63 [13108:9664:0223/093945.635:ERROR:chrome_browser_main_extra_parts_metrics.cc(230)] END: ReportBluetoothAvailability()
2월 23, 2022 09:39:45.63 [13108:9664:0223/093945.635:ERROR:chrome_browser_main_extra_parts_metrics.cc(235)] START: GetDefaultBrowser(). If you don't see the END: message, this is crbug.com/1216328.
2월 23, 2022 09:39:45.64 [13108:9664:0223/093945.641:ERROR:chrome_browser_main_extra_parts_metrics.cc(239)] END: GetDefaultBrowser()
2월 23, 2022 09:39:45.69 [13108:11612:0223/093945.698:ERROR:device_event_log_impl.cc(214)] [09:39:45.697] Bluetooth: bluetooth_adapter_winrt.cc:1075 Getting Default Adapter failed.

2월 28, 2022 09:36:09.80 NEW SESSION
2월 28, 2022 09:36:09.80 [10340:4332:0228/093609.801:ERROR:chrome_browser_main_extra_parts_metrics.cc(227)] START: ReportBluetoothAvailability(). If you don't see the END: message, this is crbug.com/1216328.
2월 28, 2022 09:36:09.80 [10340:4332:0228/093609.801:ERROR:chrome_browser_main_extra_parts_metrics.cc(230)] END: ReportBluetoothAvailability()
2월 28, 2022 09:36:09.80 [10340:4332:0228/093609.801:ERROR:chrome_browser_main_extra_parts_metrics.cc(235)] START: GetDefaultBrowser(). If you don't see the END: message, this is crbug.com/1216328.
2월 28, 2022 09:36:09.80 [10340:4332:0228/093609.806:ERROR:chrome_browser_main_extra_parts_metrics.cc(239)] END: GetDefaultBrowser()
2월 28, 2022 09:36:09.87 [10340:9728:0228/093609.874:ERROR:device_event_log_impl.cc(214)] [09:36:09.874] Bluetooth: bluetooth_adapter_winrt.cc:1075 Getting Default Adapter failed.

4월 21, 2022 14:33:43.17 NEW SESSION
4월 21, 2022 14:33:43.17 [9340:12516:0421/143343.167:ERROR:device_event_log_impl.cc(214)] [14:33:43.168] Bluetooth: bluetooth_adapter_winrt.cc:1075 Getting Default Adapter failed.
4월 21, 2022 14:34:40.93 [9340:2316:0421/143440.933:ERROR:util.cc(126)] Can't create base directory: C:\Program Files\Google\GoogleUpdater
